A D/canvas3d////
A D/chimera////
A D/ctl////
A D/dbus////
A D/interfaceinfo////
A D/jssh////
A D/openwengo////
A D/pageInfo////
A D/penelope////
A D/pgpmail////
A D/pics////
A D/preloader////
A D/psm-glue////
A D/safe-browsing////
A D/vixen////
A D/xmlprettyprinter////
A D/xpath-generator////
R D/xpath-generator////
R D/xmlprettyprinter////
R D/vixen////
R D/safe-browsing////
R D/psm-glue////
R D/preloader////
R D/pics////
R D/pgpmail////
R D/penelope////
R D/pageInfo////
R D/openwengo////
R D/jssh////
R D/interfaceinfo////
R D/dbus////
R D/ctl////
R D/chimera////
R D/canvas3d////
