This file contains any messages produced by compilers while
running configure, to aid debugging if configure makes a mistake.

configure:1026: checking host system type
configure:1047: checking target system type
configure:1065: checking build system type
configure:1148: checking for mawk
configure:1265: checking for perl5
configure:2306: checking for gcc
configure:2419: checking whether the C compiler (gcc  ) works
configure:2435: gcc -o conftest    conftest.c  1>&5
configure:2461: checking whether the C compiler (gcc  ) is a cross-compiler
configure:2466: checking whether we are using GNU C
configure:2494: checking whether gcc accepts -g
configure:2530: checking for c++
configure:2562: checking whether the C++ compiler (c++  ) works
configure:2578: c++ -o conftest    conftest.C  1>&5
configure:2604: checking whether the C++ compiler (c++  ) is a cross-compiler
configure:2609: checking whether we are using GNU C++
configure:2637: checking whether c++ accepts -g
configure:2671: checking for ranlib
configure:2703: checking for as
configure:2757: checking for ar
configure:2792: checking for ld
configure:2827: checking for strip
configure:2862: checking for windres
configure:3541: checking whether gcc and cc understand -c and -o together
configure:3601: checking how to run the C preprocessor
configure:3681: checking how to run the C++ preprocessor
configure:3775: checking for a BSD compatible install
configure:3828: checking whether ln -s works
configure:3851: checking for minimum required perl version >= 5.006
configure:3862: checking for full perl installation
configure:3877: checking for python2.5
configure:3937: checking for doxygen
configure:3986: checking for whoami
configure:4035: checking for autoconf
configure:4084: checking for unzip
configure:4135: checking for zip
configure:4189: checking for makedepend
configure:4237: checking for xargs
configure:4607: checking for gmake
configure:4670: checking for X
configure:4984: checking for dnet_ntoa in -ldnet
configure:5025: checking for dnet_ntoa in -ldnet_stub
configure:5073: checking for gethostbyname
configure:5171: checking for connect
configure:5263: checking for remove
configure:5355: checking for shmat
configure:5456: checking for IceConnectionNumber in -lICE
configure:5966: checking whether the compiler supports -Wno-invalid-offsetof
configure:5989: c++ -c  -fno-strict-aliasing -Wno-invalid-offsetof   conftest.C 1>&5
configure:6024: checking whether ld has archive extraction flags
configure:6081: checking that static assertion macros used in autoconf tests work
configure:6193: checking for 64-bit OS
configure:6202: gcc -c  -fno-strict-aliasing   conftest.c 1>&5
configure: In function 'main':
configure:6203: error: size of array 'static_assert_line_6202' is negative
configure: failed program was:
#line 6195 "configure"
#include "confdefs.h"

#define CONFIGURE_STATIC_ASSERT(condition) CONFIGURE_STATIC_ASSERT_IMPL(condition, __LINE__)
#define CONFIGURE_STATIC_ASSERT_IMPL(condition, line) CONFIGURE_STATIC_ASSERT_IMPL2(condition, line)
#define CONFIGURE_STATIC_ASSERT_IMPL2(condition, line) typedef int static_assert_line_##line[(condition) ? 1 : -1]

int main() {
CONFIGURE_STATIC_ASSERT(sizeof(long) == 8)
; return 0; }
configure:6322: checking for minimum required Python version >= 2.4
configure:7785: checking for ANSI C header files
configure:7889: checking for working const
configure:7964: checking for mode_t
configure:7997: checking for off_t
configure:8030: checking for pid_t
configure:8063: checking for size_t
configure:8096: checking for st_blksize in struct stat
configure:8130: checking for siginfo_t
configure:8166: checking for int16_t
configure:8201: checking for int32_t
configure:8236: checking for int64_t
configure:8271: checking for int64
configure:8306: checking for uint
configure:8341: checking for uint_t
configure:8376: checking for uint16_t
configure:8420: checking for uname.domainname
configure:8457: checking for uname.__domainname
configure:8502: checking for usable char16_t (2 bytes, unsigned)
configure:8541: checking for usable wchar_t (2 bytes, unsigned)
configure:8580: checking for compiler -fshort-wchar option
configure:8630: checking for visibility(hidden) attribute
configure:8655: checking for visibility(default) attribute
configure:8680: checking for visibility pragma support
configure:8705: checking For gcc visibility bug with class-level attributes (GCC bug 26905)
configure:8733: checking For x86_64 gcc visibility bug with builtins (GCC bug 20297)
configure:8786: checking for dirent.h that defines DIR
configure:8824: checking for opendir in -ldir
configure:8916: checking for sys/byteorder.h
configure:8916: checking for compat.h
configure:8916: checking for getopt.h
configure:8956: checking for sys/bitypes.h
configure:8956: checking for memory.h
configure:8956: checking for unistd.h
configure:8996: checking for gnu/libc-version.h
configure:8996: checking for nl_types.h
configure:9036: checking for malloc.h
configure:9076: checking for X11/XKBlib.h
configure:9116: checking for io.h
configure:9157: checking for sys/statvfs.h
configure:9157: checking for sys/statfs.h
configure:9157: checking for sys/vfs.h
configure:9157: checking for sys/mount.h
configure:9198: checking for mmintrin.h
configure:9245: checking for new
configure:9347: checking for sys/cdefs.h
configure:9391: checking for gethostbyname_r in -lc_r
configure:9447: checking for atan in -lm
configure:9494: checking for dlopen in -ldl
configure:9530: checking for dlfcn.h
configure:9577: checking for dladdr
configure:9735: checking for socket in -lsocket
configure:9856: checking for XDrawLines in -lX11
configure:9897: checking for XextAddDisplay in -lXext
configure:9939: checking for XtFree in -lXt
configure:10112: checking for XShmCreateImage in -lXext
configure:10153: checking for X11/extensions/XShm.h
configure:10193: checking for XieFloGeometry in -lXIE
configure:10234: checking for X11/extensions/XIElib.h
configure:10318: checking for freetype-config
configure:10354: checking for FreeType - version >= 6.1.0
configure:10428: gcc -o conftest  -fno-strict-aliasing -I/usr/include/freetype2    conftest.c -lfreetype -lz -ldl -lm  1>&5
configure:10478: checking for FT_Bitmap_Size.y_ppem
configure:10519: checking for FT_GlyphSlot_Embolden
configure:10519: checking for FT_Load_Sfnt_Table
configure:10519: checking for FT_Select_Size
configure:10585: checking for ARM SIMD support in compiler
configure:10594: gcc -c  -fno-strict-aliasing   conftest.c 1>&5
/tmp/ccz082pw.s: Assembler messages:
/tmp/ccz082pw.s:13: Error: no such instruction: `uqadd8 r1,r1,r2'
configure: failed program was:
#line 10587 "configure"
#include "confdefs.h"

int main() {
asm("uqadd8 r1, r1, r2");
; return 0; }
configure:10615: checking for ARM NEON support in compiler
configure:10629: gcc -c  -fno-strict-aliasing -mfpu=neon   conftest.c 1>&5
cc1: error: unrecognized command line option "-mfpu=neon"
configure: failed program was:
#line 10622 "configure"
#include "confdefs.h"

int main() {
asm("vadd.i8 d0, d0, d0");
; return 0; }
configure:10657: checking for pthread_create in -lpthreads
gcc -o dummy dummy.c  -fno-strict-aliasing   -lpthreads  -ldl -lm 
/usr/bin/ld: cannot find -lpthreads
collect2: ld returned 1 exit status
configure:10680: checking for pthread_create in -lpthread
gcc -o dummy dummy.c  -fno-strict-aliasing   -lpthread  -ldl -lm 
configure:10785: checking whether gcc accepts -pthread
configure:10903: checking whether mmap() sees write()s
configure:10946: gcc -o conftest  -fno-strict-aliasing -pthread   -lpthread  conftest.c -ldl -lm  1>&5
configure:10971: checking whether gcc needs -traditional
configure:11017: checking for 8-bit clean memcmp
configure:11055: checking for random
configure:11055: checking for strerror
configure:11055: checking for lchown
configure:11055: checking for fchmod
configure:11055: checking for snprintf
configure:11055: checking for statvfs
configure:11055: checking for memmove
configure:11055: checking for rint
configure:11055: checking for stat64
configure:11055: checking for lstat64
configure:11055: checking for truncate64
configure:11055: checking for statvfs64
configure:11055: checking for setbuf
configure:11055: checking for isatty
configure:11110: checking for flockfile
configure:11110: checking for getpagesize
configure:11165: checking for localtime_r
configure:11165: checking for strtok_r
configure:11228: checking for wcrtomb
configure:11260: checking for mbrtowc
configure:11301: checking for res_ninit()
configure:11348: checking for gnu_get_libc_version()
configure:11393: checking for iconv in -lc
configure:11524: checking for iconv()
configure:11567: checking for iconv() with const input
configure:11616: checking for nl_langinfo and CODESET
configure:11660: checking for an implementation of va_copy()
configure:11701: checking for an implementation of __va_copy()
configure:11742: checking whether va_lists can be copied by value
configure:11865: checking for C++ exceptions flag
configure:11900: checking for gcc 3.0 ABI
configure:11942: checking for C++ "explicit" keyword
configure:11978: checking for C++ "typename" keyword
configure:12023: checking for modern C++ template specialization syntax support
configure:12060: checking whether partial template specialization works
configure:12094: checking whether operators must be re-defined for templates derived from templates
configure:12133: checking whether we need to cast a derived template to pass as its base class
configure:12168: checking whether the compiler can resolve const ambiguities for templates
configure:12216: checking whether the C++ "using" keyword can change access
configure:12268: checking whether the C++ "using" keyword resolves ambiguity
configure:12310: checking for "std::" namespace
configure:12343: checking whether standard template operator!=() is ambiguous
configure:12380: checking for C++ reinterpret_cast
configure:12414: checking for C++ dynamic_cast to void*
configure:12465: checking whether C++ requires implementation of unused virtual methods
configure:12500: checking for trouble comparing to zero near std::operator!=()
configure:12540: checking for __thread keyword for TLS variables
configure:12583: checking for LC_MESSAGES
configure:13922: checking if app-specific confvars.sh exists
configure:14253: checking for pkg-config
configure:14297: checking for gtk+-2.0 >= 2.10.0 gtk+-unix-print-2.0 glib-2.0 gobject-2.0 gdk-x11-2.0
configure:14304: checking MOZ_GTK2_CFLAGS
configure:14309: checking MOZ_GTK2_LIBS
configure:14817: checking for pango >= 1.14.0
configure:14824: checking _PANGOCHK_CFLAGS
configure:14829: checking _PANGOCHK_LIBS
configure:14911: checking for pango >= 1.14.0 pangoft2 >= 1.14.0
configure:14918: checking MOZ_PANGO_CFLAGS
configure:14923: checking MOZ_PANGO_LIBS
configure:15236: checking for gnome-vfs-2.0 >= 2.0 gnome-vfs-module-2.0 >= 2.0
configure:15348: checking for gconf-2.0 >= 1.2.1
configure:15355: checking MOZ_GCONF_CFLAGS
configure:15360: checking MOZ_GCONF_LIBS
configure:15490: checking for libgnomeui-2.0 >= 2.2.0
configure:16251: checking __attribute__ ((aligned ())) support
configure:16341: checking for snd_pcm_open in -lasound
configure:17338: checking for tar archiver
configure:17344: checking for gnutar
configure:17381: checking for wget
configure:17387: checking for wget
configure:18045: checking for conic
configure:18766: checking for valid optimization flags
configure:18777: gcc -c  -fno-strict-aliasing -pthread -O1   conftest.c 1>&5
configure:19440: checking for __builtin_vec_new
configure:19440: checking for __builtin_vec_delete
configure:19440: checking for __builtin_new
configure:19440: checking for __builtin_delete
configure:19440: checking for __pure_virtual
configure:19676: checking for __cxa_demangle
configure:19755: checking for unwind.h
configure:19784: checking for _Unwind_Backtrace
configure:19934: checking for gcc -pipe support
dummy-hello.c:2:21: warning: missing terminating " character
dummy-hello.c: In function 'main':
dummy-hello.c:2: error: missing terminating " character
dummy-hello.c:3:1: warning: missing terminating " character
dummy-hello.c:3: error: missing terminating " character
dummy-hello.c:3: error: expected expression at end of input
dummy-hello.c:3: error: expected declaration or statement at end of input
configure:19956: gcc -c  -fno-strict-aliasing -pthread -pipe   conftest.c 1>&5
configure:19998: checking whether compiler supports -Wno-long-long
configure:20007: gcc -c  -fno-strict-aliasing -pthread -pipe -Wno-long-long   conftest.c 1>&5
configure:20043: checking whether C compiler supports -fprofile-generate
configure:20052: gcc -c  -fno-strict-aliasing -pthread -pipe -fprofile-generate   conftest.c 1>&5
configure:20151: checking whether C++ compiler has -pedantic long long bug
configure:20160: c++ -c  -fno-strict-aliasing -fshort-wchar -pthread -pipe  -Wall -Wpointer-arith -Woverloaded-virtual -Wsynth -Wno-ctor-dtor-privacy -Wno-non-virtual-dtor -Wcast-align -Wno-invalid-offsetof -Wno-long-long -pedantic   conftest.C 1>&5
configure:20185: checking for correct temporary object destruction order
configure:20213: c++ -o conftest  -fno-strict-aliasing -fshort-wchar -pthread -pipe   -lpthread  conftest.C -lasound -ldl -lm  1>&5
configure:20234: checking for correct overload resolution with const and templates
configure:20269: c++ -c  -fno-strict-aliasing -fshort-wchar -pthread -pipe  -Wall -Wpointer-arith -Woverloaded-virtual -Wsynth -Wno-ctor-dtor-privacy -Wno-non-virtual-dtor -Wcast-align -Wno-invalid-offsetof -Wno-long-long -pedantic   conftest.C 1>&5
configure:20569: checking for libIDL-2.0 >= 0.8.0 glib-2.0 gobject-2.0
configure:20576: checking LIBIDL_CFLAGS
configure:20581: checking LIBIDL_LIBS
configure:21435: checking for glib-2.0 >= 1.3.7 gobject-2.0
configure:21442: checking GLIB_CFLAGS
configure:21447: checking GLIB_LIBS
configure:21787: checking for stdint.h
configure:21787: checking for inttypes.h
configure:21787: checking for sys/int_types.h
configure:22816: gcc -c -Wall -W -Wno-unused -Wpointer-arith -Wcast-align -W -Wno-long-long -pedantic -fno-strict-aliasing -pthread -pipe    conftest.c 1>&5
configure:22842: checking for fontconfig/fcfreetype.h
