A D/downloadmgr////
A D/fullscreen////
A D/macbuild////
A D/ns4hooks////
A D/pageInfo////
A D/printing////
A D/public////
A D/regviewer////
A D/remote////
A D/sample////
A D/setDefaultMail////
A D/timebomb////
A D/ucth////
A D/unsetDefaultMail////
A D/urlbarhistory////
R D/urlbarhistory////
R D/unsetDefaultMail////
R D/ucth////
R D/timebomb////
R D/setDefaultMail////
R D/sample////
R D/remote////
R D/regviewer////
R D/public////
R D/printing////
R D/pageInfo////
R D/ns4hooks////
R D/macbuild////
R D/fullscreen////
R D/downloadmgr////
