A D/cgi////
A D/cipher////
A D/cmdlib////
A D/dbdump////
A D/doc////
A D/ecperf////
A D/ilock////
A D/include////
A D/keyutil////
A D/libpkix////
A D/nssutil////
A D/pkiutil////
A D/preenc////
A D/psmmsgs////
A D/regress////
A D/replacer////
A D/reporter////
A D/revoker////
A D/sslstrength////
A D/stopselfserv////
A D/swfort////
A D/ttformat////
R D/ttformat////
R D/swfort////
R D/stopselfserv////
R D/sslstrength////
R D/revoker////
R D/reporter////
R D/replacer////
R D/regress////
R D/psmmsgs////
R D/preenc////
R D/pkiutil////
R D/nssutil////
R D/libpkix////
R D/keyutil////
R D/include////
R D/ilock////
R D/ecperf////
R D/doc////
R D/dbdump////
R D/cmdlib////
R D/cipher////
R D/cgi////
